[Thu May 16 11:51:27.190072 2024] [ssl:warn] [pid 6856:tid 428] AH01909: www.example.com:443:0 server certificate does NOT include an ID which matches the server name
[Thu May 16 11:51:27.290071 2024] [ssl:warn] [pid 6856:tid 428] AH01909: www.example.com:443:0 server certificate does NOT include an ID which matches the server name
[Thu May 16 11:51:27.344070 2024] [mpm_winnt:notice] [pid 6856:tid 428] AH00455: Apache/2.4.58 (Win64) OpenSSL/3.1.3 PHP/8.2.12 configured -- resuming normal operations
[Thu May 16 11:51:27.344070 2024] [mpm_winnt:notice] [pid 6856:tid 428] AH00456: Apache Lounge VS17 Server built: Oct 18 2023 13:03:18
[Thu May 16 11:51:27.344070 2024] [core:notice] [pid 6856:tid 428] AH00094: Command line: 'C:\\xampp\\apache\\bin\\httpd.exe -d C:/xampp/apache'
[Thu May 16 11:51:27.349071 2024] [mpm_winnt:notice] [pid 6856:tid 428] AH00418: Parent: Created child process 3108
[Thu May 16 11:51:28.137076 2024] [ssl:warn] [pid 3108:tid 436] AH01909: www.example.com:443:0 server certificate does NOT include an ID which matches the server name
[Thu May 16 11:51:28.188070 2024] [ssl:warn] [pid 3108:tid 436] AH01909: www.example.com:443:0 server certificate does NOT include an ID which matches the server name
[Thu May 16 11:51:28.236070 2024] [mpm_winnt:notice] [pid 3108:tid 436] AH00354: Child: Starting 150 worker threads.
[Thu May 16 11:53:03.479011 2024] [ssl:warn] [pid 7828:tid 452] AH01909: www.example.com:443:0 server certificate does NOT include an ID which matches the server name
[Thu May 16 11:53:03.529011 2024] [ssl:warn] [pid 7828:tid 452] AH01909: www.example.com:443:0 server certificate does NOT include an ID which matches the server name
[Thu May 16 11:53:03.578009 2024] [mpm_winnt:notice] [pid 7828:tid 452] AH00455: Apache/2.4.58 (Win64) OpenSSL/3.1.3 PHP/8.2.12 configured -- resuming normal operations
[Thu May 16 11:53:03.578009 2024] [mpm_winnt:notice] [pid 7828:tid 452] AH00456: Apache Lounge VS17 Server built: Oct 18 2023 13:03:18
[Thu May 16 11:53:03.578009 2024] [core:notice] [pid 7828:tid 452] AH00094: Command line: 'c:\\xampp\\apache\\bin\\httpd.exe -d C:/xampp/apache'
[Thu May 16 11:53:03.583014 2024] [mpm_winnt:notice] [pid 7828:tid 452] AH00418: Parent: Created child process 10684
[Thu May 16 11:53:04.239014 2024] [ssl:warn] [pid 10684:tid 456] AH01909: www.example.com:443:0 server certificate does NOT include an ID which matches the server name
[Thu May 16 11:53:04.286010 2024] [ssl:warn] [pid 10684:tid 456] AH01909: www.example.com:443:0 server certificate does NOT include an ID which matches the server name
[Thu May 16 11:53:04.336010 2024] [mpm_winnt:notice] [pid 10684:tid 456] AH00354: Child: Starting 150 worker threads.
[Fri May 17 12:08:00.765421 2024] [ssl:warn] [pid 7028:tid 424] AH01909: www.example.com:443:0 server certificate does NOT include an ID which matches the server name
[Fri May 17 12:08:00.811423 2024] [core:warn] [pid 7028:tid 424] AH00098: pid file C:/xampp/apache/logs/httpd.pid overwritten -- Unclean shutdown of previous Apache run?
[Fri May 17 12:08:00.815427 2024] [ssl:warn] [pid 7028:tid 424] AH01909: www.example.com:443:0 server certificate does NOT include an ID which matches the server name
[Fri May 17 12:08:01.214422 2024] [mpm_winnt:notice] [pid 7028:tid 424] AH00455: Apache/2.4.58 (Win64) OpenSSL/3.1.3 PHP/8.2.12 configured -- resuming normal operations
[Fri May 17 12:08:01.214422 2024] [mpm_winnt:notice] [pid 7028:tid 424] AH00456: Apache Lounge VS17 Server built: Oct 18 2023 13:03:18
[Fri May 17 12:08:01.214422 2024] [core:notice] [pid 7028:tid 424] AH00094: Command line: 'c:\\xampp\\apache\\bin\\httpd.exe -d C:/xampp/apache'
[Fri May 17 12:08:01.218423 2024] [mpm_winnt:notice] [pid 7028:tid 424] AH00418: Parent: Created child process 11880
[Fri May 17 12:08:01.837423 2024] [ssl:warn] [pid 11880:tid 452] AH01909: www.example.com:443:0 server certificate does NOT include an ID which matches the server name
[Fri May 17 12:08:01.882423 2024] [ssl:warn] [pid 11880:tid 452] AH01909: www.example.com:443:0 server certificate does NOT include an ID which matches the server name
[Fri May 17 12:08:01.933422 2024] [mpm_winnt:notice] [pid 11880:tid 452] AH00354: Child: Starting 150 worker threads.
[Fri May 17 13:36:06.122434 2024] [ssl:warn] [pid 11592:tid 468] AH01909: www.example.com:443:0 server certificate does NOT include an ID which matches the server name
[Fri May 17 13:36:06.166432 2024] [core:warn] [pid 11592:tid 468] AH00098: pid file C:/xampp/apache/logs/httpd.pid overwritten -- Unclean shutdown of previous Apache run?
[Fri May 17 13:36:06.169435 2024] [ssl:warn] [pid 11592:tid 468] AH01909: www.example.com:443:0 server certificate does NOT include an ID which matches the server name
[Fri May 17 13:36:06.216434 2024] [mpm_winnt:notice] [pid 11592:tid 468] AH00455: Apache/2.4.58 (Win64) OpenSSL/3.1.3 PHP/8.2.12 configured -- resuming normal operations
[Fri May 17 13:36:06.216434 2024] [mpm_winnt:notice] [pid 11592:tid 468] AH00456: Apache Lounge VS17 Server built: Oct 18 2023 13:03:18
[Fri May 17 13:36:06.216434 2024] [core:notice] [pid 11592:tid 468] AH00094: Command line: 'c:\\xampp\\apache\\bin\\httpd.exe -d C:/xampp/apache'
[Fri May 17 13:36:06.220435 2024] [mpm_winnt:notice] [pid 11592:tid 468] AH00418: Parent: Created child process 11704
[Fri May 17 13:36:06.756438 2024] [ssl:warn] [pid 11704:tid 432] AH01909: www.example.com:443:0 server certificate does NOT include an ID which matches the server name
[Fri May 17 13:36:06.800435 2024] [ssl:warn] [pid 11704:tid 432] AH01909: www.example.com:443:0 server certificate does NOT include an ID which matches the server name
[Fri May 17 13:36:06.852434 2024] [mpm_winnt:notice] [pid 11704:tid 432] AH00354: Child: Starting 150 worker threads.
[Thu May 30 09:34:26.718331 2024] [ssl:warn] [pid 11144:tid 424] AH01909: www.example.com:443:0 server certificate does NOT include an ID which matches the server name
[Thu May 30 09:34:26.763330 2024] [core:warn] [pid 11144:tid 424] AH00098: pid file C:/xampp/apache/logs/httpd.pid overwritten -- Unclean shutdown of previous Apache run?
[Thu May 30 09:34:26.767333 2024] [ssl:warn] [pid 11144:tid 424] AH01909: www.example.com:443:0 server certificate does NOT include an ID which matches the server name
[Thu May 30 09:34:27.165330 2024] [mpm_winnt:notice] [pid 11144:tid 424] AH00455: Apache/2.4.58 (Win64) OpenSSL/3.1.3 PHP/8.2.12 configured -- resuming normal operations
[Thu May 30 09:34:27.165330 2024] [mpm_winnt:notice] [pid 11144:tid 424] AH00456: Apache Lounge VS17 Server built: Oct 18 2023 13:03:18
[Thu May 30 09:34:27.165330 2024] [core:notice] [pid 11144:tid 424] AH00094: Command line: 'c:\\xampp\\apache\\bin\\httpd.exe -d C:/xampp/apache'
[Thu May 30 09:34:27.169331 2024] [mpm_winnt:notice] [pid 11144:tid 424] AH00418: Parent: Created child process 15316
[Thu May 30 09:34:27.725329 2024] [ssl:warn] [pid 15316:tid 428] AH01909: www.example.com:443:0 server certificate does NOT include an ID which matches the server name
[Thu May 30 09:34:27.771331 2024] [ssl:warn] [pid 15316:tid 428] AH01909: www.example.com:443:0 server certificate does NOT include an ID which matches the server name
[Thu May 30 09:34:27.823330 2024] [mpm_winnt:notice] [pid 15316:tid 428] AH00354: Child: Starting 150 worker threads.
[Thu May 30 10:57:43.748163 2024] [ssl:warn] [pid 9476:tid 424] AH01909: www.example.com:443:0 server certificate does NOT include an ID which matches the server name
[Thu May 30 10:57:43.795036 2024] [core:warn] [pid 9476:tid 424] AH00098: pid file C:/xampp/apache/logs/httpd.pid overwritten -- Unclean shutdown of previous Apache run?
[Thu May 30 10:57:43.795036 2024] [ssl:warn] [pid 9476:tid 424] AH01909: www.example.com:443:0 server certificate does NOT include an ID which matches the server name
[Thu May 30 10:57:44.192586 2024] [mpm_winnt:notice] [pid 9476:tid 424] AH00455: Apache/2.4.58 (Win64) OpenSSL/3.1.3 PHP/8.2.12 configured -- resuming normal operations
[Thu May 30 10:57:44.192586 2024] [mpm_winnt:notice] [pid 9476:tid 424] AH00456: Apache Lounge VS17 Server built: Oct 18 2023 13:03:18
[Thu May 30 10:57:44.192586 2024] [core:notice] [pid 9476:tid 424] AH00094: Command line: 'c:\\xampp\\apache\\bin\\httpd.exe -d C:/xampp/apache'
[Thu May 30 10:57:44.196588 2024] [mpm_winnt:notice] [pid 9476:tid 424] AH00418: Parent: Created child process 13372
[Thu May 30 10:57:44.758449 2024] [ssl:warn] [pid 13372:tid 428] AH01909: www.example.com:443:0 server certificate does NOT include an ID which matches the server name
[Thu May 30 10:57:44.803670 2024] [ssl:warn] [pid 13372:tid 428] AH01909: www.example.com:443:0 server certificate does NOT include an ID which matches the server name
[Thu May 30 10:57:44.857021 2024] [mpm_winnt:notice] [pid 13372:tid 428] AH00354: Child: Starting 150 worker threads.
[Thu May 30 12:08:32.454727 2024] [ssl:warn] [pid 13416:tid 424] AH01909: www.example.com:443:0 server certificate does NOT include an ID which matches the server name
[Thu May 30 12:08:32.501599 2024] [core:warn] [pid 13416:tid 424] AH00098: pid file C:/xampp/apache/logs/httpd.pid overwritten -- Unclean shutdown of previous Apache run?
[Thu May 30 12:08:32.501599 2024] [ssl:warn] [pid 13416:tid 424] AH01909: www.example.com:443:0 server certificate does NOT include an ID which matches the server name
[Thu May 30 12:08:32.548477 2024] [mpm_winnt:notice] [pid 13416:tid 424] AH00455: Apache/2.4.58 (Win64) OpenSSL/3.1.3 PHP/8.2.12 configured -- resuming normal operations
[Thu May 30 12:08:32.548477 2024] [mpm_winnt:notice] [pid 13416:tid 424] AH00456: Apache Lounge VS17 Server built: Oct 18 2023 13:03:18
[Thu May 30 12:08:32.548477 2024] [core:notice] [pid 13416:tid 424] AH00094: Command line: 'c:\\xampp\\apache\\bin\\httpd.exe -d C:/xampp/apache'
[Thu May 30 12:08:32.564098 2024] [mpm_winnt:notice] [pid 13416:tid 424] AH00418: Parent: Created child process 9232
[Thu May 30 12:08:33.133022 2024] [ssl:warn] [pid 9232:tid 428] AH01909: www.example.com:443:0 server certificate does NOT include an ID which matches the server name
[Thu May 30 12:08:33.180022 2024] [ssl:warn] [pid 9232:tid 428] AH01909: www.example.com:443:0 server certificate does NOT include an ID which matches the server name
[Thu May 30 12:08:33.233021 2024] [mpm_winnt:notice] [pid 9232:tid 428] AH00354: Child: Starting 150 worker threads.
[Thu May 30 13:56:47.376070 2024] [ssl:warn] [pid 4764:tid 424] AH01909: www.example.com:443:0 server certificate does NOT include an ID which matches the server name
[Thu May 30 13:56:47.422944 2024] [core:warn] [pid 4764:tid 424] AH00098: pid file C:/xampp/apache/logs/httpd.pid overwritten -- Unclean shutdown of previous Apache run?
[Thu May 30 13:56:47.422944 2024] [ssl:warn] [pid 4764:tid 424] AH01909: www.example.com:443:0 server certificate does NOT include an ID which matches the server name
[Thu May 30 13:56:47.485982 2024] [mpm_winnt:notice] [pid 4764:tid 424] AH00455: Apache/2.4.58 (Win64) OpenSSL/3.1.3 PHP/8.2.12 configured -- resuming normal operations
[Thu May 30 13:56:47.485982 2024] [mpm_winnt:notice] [pid 4764:tid 424] AH00456: Apache Lounge VS17 Server built: Oct 18 2023 13:03:18
[Thu May 30 13:56:47.485982 2024] [core:notice] [pid 4764:tid 424] AH00094: Command line: 'c:\\xampp\\apache\\bin\\httpd.exe -d C:/xampp/apache'
[Thu May 30 13:56:47.485982 2024] [mpm_winnt:notice] [pid 4764:tid 424] AH00418: Parent: Created child process 6576
[Thu May 30 13:56:48.165311 2024] [ssl:warn] [pid 6576:tid 428] AH01909: www.example.com:443:0 server certificate does NOT include an ID which matches the server name
[Thu May 30 13:56:48.224120 2024] [ssl:warn] [pid 6576:tid 428] AH01909: www.example.com:443:0 server certificate does NOT include an ID which matches the server name
[Thu May 30 13:56:48.276423 2024] [mpm_winnt:notice] [pid 6576:tid 428] AH00354: Child: Starting 150 worker threads.
